<?xml version="1.0" encoding="UTF-8"?>
<testsuite xmlns:xsi="http://www.w3.org/2001/XMLSchema-instance" xsi:noNamespaceSchemaLocation="https://maven.apache.org/surefire/maven-surefire-plugin/xsd/surefire-test-report-3.0.xsd" version="3.0" name="com.geekbrains.lesson4.FunctionsTest" time="0.16" tests="11" errors="0" skipped="1" failures="1">
  <properties>
[...]
</properties>
  <testcase name="assumptionTest" classname="com.geekbrains.lesson4.FunctionsTest" time="0">
    <skipped type="org.opentest4j.TestAbortedException"><![CDATA[org.opentest4j.TestAbortedException: Assumption failed: assumption is not true
	at com.geekbrains.lesson4.FunctionsTest.assumptionTest(FunctionsTest.java:82)
]]></skipped>
    <system-out><![CDATA[Выполнимся 1 раз перед всеми тестами, например загрузка данных в базу!
21:57:36.879 [main] ERROR FunctionsTest.class - err log data
Выполняемся перед каждым тестом
Закрытие браузера
]]></system-out>
  </testcase>
  <testcase name="dataProviderTest(Cat)[1]" classname="com.geekbrains.lesson4.FunctionsTest" time="0.009">
    <system-out><![CDATA[Выполняемся перед каждым тестом
Cat{name='Moris', age=10}
Закрытие браузера
]]></system-out>
  </testcase>
  <testcase name="dataProviderTest(Cat)[2]" classname="com.geekbrains.lesson4.FunctionsTest" time="0.001">
    <system-out><![CDATA[Выполняемся перед каждым тестом
Cat{name='Barsik', age=11}
Закрытие браузера
]]></system-out>
  </testcase>
  <testcase name="givenPrimeNumberWhenRunIsPrimeMethodThenTrue" classname="com.geekbrains.lesson4.FunctionsTest" time="0.003">
    <system-out><![CDATA[Выполняемся перед каждым тестом
Закрытие браузера
]]></system-out>
  </testcase>
  <testcase name="isPalindromAndNotPalindromTest(String, Boolean)[1]" classname="com.geekbrains.lesson4.FunctionsTest" time="0">
    <system-out><![CDATA[Выполняемся перед каждым тестом
Закрытие браузера
]]></system-out>
  </testcase>
  <testcase name="isPalindromAndNotPalindromTest(String, Boolean)[2]" classname="com.geekbrains.lesson4.FunctionsTest" time="0.002">
    <system-out><![CDATA[Выполняемся перед каждым тестом
Закрытие браузера
]]></system-out>
  </testcase>
  <testcase name="assertAllTest" classname="com.geekbrains.lesson4.FunctionsTest" time="0.003">
    <failure type="org.opentest4j.MultipleFailuresError"><![CDATA[org.opentest4j.MultipleFailuresError: 
Multiple Failures (2 failures)
	org.opentest4j.AssertionFailedError: expected: <true> but was: <false>
	org.opentest4j.AssertionFailedError: expected: <false> but was: <true>
	at com.geekbrains.lesson4.FunctionsTest.assertAllTest(FunctionsTest.java:88)
]]></failure>
    <system-out><![CDATA[Выполняемся перед каждым тестом
Закрытие браузера
]]></system-out>
  </testcase>
  <testcase name="isPalindromTest(String)[1]" classname="com.geekbrains.lesson4.FunctionsTest" time="0">
    <system-out><![CDATA[Выполняемся перед каждым тестом
Закрытие браузера
]]></system-out>
  </testcase>
  <testcase name="isPalindromTest(String)[2]" classname="com.geekbrains.lesson4.FunctionsTest" time="0">
    <system-out><![CDATA[Выполняемся перед каждым тестом
Закрытие браузера
]]></system-out>
  </testcase>
  <testcase name="dataProviderTest2(Cat, Boolean)[1]" classname="com.geekbrains.lesson4.FunctionsTest" time="0.001">
    <system-out><![CDATA[Выполняемся перед каждым тестом
Cat{name='Moris', age=10}
Закрытие браузера
]]></system-out>
  </testcase>
  <testcase name="dataProviderTest2(Cat, Boolean)[2]" classname="com.geekbrains.lesson4.FunctionsTest" time="0.001">
    <system-out><![CDATA[Выполняемся перед каждым тестом
Cat{name='Barsik', age=11}
Закрытие браузера
]]></system-out>
  </testcase>
</testsuite>