<?xml version="1.0" encoding="UTF-8"?>
<testsuite xmlns:xsi="http://www.w3.org/2001/XMLSchema-instance" xsi:noNamespaceSchemaLocation="https://maven.apache.org/surefire/maven-surefire-plugin/xsd/surefire-test-report.xsd" name="com.geekbrains.AppTest" time="0.016" tests="2" errors="0" skipped="0" failures="1">
  <properties>
[...]
</properties>
  <testcase name="shouldAnswerWithTrue" classname="com.geekbrains.AppTest" time="0.001"/>
  <testcase name="shouldAnswerWithTrue1" classname="com.geekbrains.AppTest" time="0.002">
    <failure type="java.lang.AssertionError">java.lang.AssertionError
	at com.geekbrains.AppTest.shouldAnswerWithTrue1(AppTest.java:26)
</failure>
    <system-out><![CDATA[AppTest1
]]></system-out>
  </testcase>
</testsuite>